Название функции: hello_world
Время исполнения: 16:30:00
Аргументы: (), {}
Возвращаемое значение: Hello World

Название функции: summator
Время исполнения: 16:30:00
Аргументы: (2, 2), {}
Возвращаемое значение: 4

Название функции: div
Время исполнения: 16:30:00
Аргументы: (6, 2), {}
Возвращаемое значение: 3.0

Название функции: summator
Время исполнения: 16:30:00
Аргументы: (4.3,), {'b': 2.2}
Возвращаемое значение: 6.5

Название функции: summator
Время исполнения: 16:30:00
Аргументы: (), {'a': 0, 'b': 0}
Возвращаемое значение: 0

